\BOOKMARK [1][-]{section.1}{Introduction}{}
\BOOKMARK [1][-]{section.2}{Validity of the laws of statistical physics in ISM conditions}{}
\BOOKMARK [1][-]{section.3}{Statistical equilibrium}{}
\BOOKMARK [1][-]{section.4}{Radiative Transfer}{}
\BOOKMARK [2][-]{subsection.4.1}{Energy density of radiation}{section.4}
\BOOKMARK [2][-]{subsection.4.2}{Radiation pressure}{section.4}
\BOOKMARK [2][-]{subsection.4.3}{Emission and absorption coefficients}{section.4}
\BOOKMARK [3][-]{subsubsection.4.3.1}{Emission}{subsection.4.3}
\BOOKMARK [3][-]{subsubsection.4.3.2}{Absorption}{subsection.4.3}
\BOOKMARK [1][-]{section.5}{Radiative transfer equation}{}
\BOOKMARK [2][-]{subsection.5.1}{Einstein coefficients}{section.5}
\BOOKMARK [3][-]{subsubsection.5.1.1}{Relations between the Einstein coefficients}{subsection.5.1}
\BOOKMARK [3][-]{subsubsection.5.1.2}{Relations between Einstein coefficients and \040and j}{subsection.5.1}
\BOOKMARK [2][-]{subsection.5.2}{Line profile function, \(\)}{section.5}
\BOOKMARK [3][-]{subsubsection.5.2.1}{Natural line width}{subsection.5.2}
\BOOKMARK [3][-]{subsubsection.5.2.2}{Doppler broadening}{subsection.5.2}
\BOOKMARK [3][-]{subsubsection.5.2.3}{Collisional broadening}{subsection.5.2}
\BOOKMARK [1][-]{section.6}{Atomic H in the ISM}{}
\BOOKMARK [2][-]{subsection.6.1}{Excitation and radiative transport for the 21-cm line}{section.6}
\BOOKMARK [2][-]{subsection.6.2}{Consider simple case of a single layer of gas}{section.6}
\BOOKMARK [2][-]{subsection.6.3}{Observing brightness temperature}{section.6}
\BOOKMARK [2][-]{subsection.6.4}{HI emission and absorption}{section.6}
\BOOKMARK [1][-]{section.7}{Atomic structure}{}
\BOOKMARK [2][-]{subsection.7.1}{Introduction}{section.7}
\BOOKMARK [2][-]{subsection.7.2}{Hydrogen atom \046 hydrogen-like atoms \(or ions\)}{section.7}
